#
# A fatal error has been detected by the Java Runtime Environment:
#
#  EXCEPTION_ACCESS_VIOLATION (0xc0000005) at pc=0x000001c91588942c, pid=12972, tid=7708
#
# JRE version: OpenJDK Runtime Environment Temurin-21.0.2+13 (21.0.2+13) (build 21.0.2+13-LTS)
# Java VM: OpenJDK 64-Bit Server VM Temurin-21.0.2+13 (21.0.2+13-LTS, mixed mode, emulated-client, sharing, tiered, compressed oops, compressed class ptrs, g1 gc, windows-amd64)
# Problematic frame:
# v  ~BufferBlob::MethodHandles adapters 0x000001c91588942c
#
# No core dump will be written. Minidumps are not enabled by default on client versions of Windows
#
# If you would like to submit a bug report, please visit:
#   https://github.com/adoptium/adoptium-support/issues
#

---------------  S U M M A R Y ------------

Command Line: -Dfile.encoding=UTF-8 -Dsun.jnu.encoding=UTF-8 -XX:+ShowCodeDetailsInExceptionMessages -agentlib:jdwp=transport=dt_socket,suspend=y,address=localhost:50533 -Dcom.sun.management.jmxremote -Dcom.sun.management.jmxremote.port=50532 -Dcom.sun.management.jmxremote.authenticate=false -Dcom.sun.management.jmxremote.ssl=false -Djava.rmi.server.hostname=localhost -Dspring.jmx.enabled=true -Dmanagement.endpoints.jmx.exposure.include=* -Dspring.application.admin.enabled=true -XX:TieredStopAtLevel=1 -Dspring.boot.project.name=WorkUp-1 -javaagent:C:\pleiades\2024-03\eclipse\configuration\org.eclipse.osgi\251\0\.cp\lib\javaagent-shaded.jar -Dfile.encoding=UTF-8 -Dstdout.encoding=UTF-8 -Dstderr.encoding=UTF-8 com.example.demo.WorkUp1Application --spring.output.ansi.enabled=always

Host: Intel(R) Core(TM) i5-1035G4 CPU @ 1.10GHz, 8 cores, 7G,  Windows 11 , 64 bit Build 22621 (10.0.22621.3672)
Time: Mon Jul 15 08:10:55 2024  Windows 11 , 64 bit Build 22621 (10.0.22621.3672) elapsed time: 302.884136 seconds (0d 0h 5m 2s)

---------------  T H R E A D  ---------------

Current thread (0x000001c964d9c190):  JavaThread "restartedMain"        [_thread_in_Java, id=7708, stack(0x0000004150200000,0x0000004150300000) (1024K)]

Stack: [0x0000004150200000,0x0000004150300000],  sp=0x00000041502fdc48,  free space=1015k
Native frames: (J=compiled Java code, j=interpreted, Vv=VM code, C=native code)
C  0x000001c91588942c

The last pc belongs to _linkToSpecial (printed below).

siginfo: EXCEPTION_ACCESS_VIOLATION (0xc0000005), reading address 0xffffffffffffffff


Registers:
RAX=0x000001c915839086, RBX=0x8852011800000001, RCX=0x00000041502fdc50, RDX=0x0000000000000002
RSP=0x00000041502fdc48, RBP=0x00000041502fdc98, RSI=0x000001c964943698, RDI=0x000001c964101480
R8 =0x0000000000000004, R9 =0x0000000000000004, R10=0x00007ffb73e52ab0, R11=0x000001c91e0b6430
R12=0x0000000000000000, R13=0x00000041502fdc48, R14=0x00000041502fdcb8, R15=0x000001c964d9c190
RIP=0x000001c91588942c, EFLAGS=0x0000000000010202


Register to memory mapping:

RAX=0x000001c915839086 is at code_begin+3078 in an Interpreter codelet
return entry points  [0x000001c915838480, 0x000001c91583a298]  7704 bytes
RBX=0x8852011800000001 is an unknown value
RCX=0x00000041502fdc50 is pointing into the stack for thread: 0x000001c964d9c190
RDX=0x0000000000000002 is an unknown value
RSP=0x00000041502fdc48 is pointing into the stack for thread: 0x000001c964d9c190
RBP=0x00000041502fdc98 is pointing into the stack for thread: 0x000001c964d9c190
RSI=0x000001c964943698 points into unknown readable memory: 0x80000f0083b442b5 | b5 42 b4 83 00 0f 00 80
RDI=0x000001c964101480 points into unknown readable memory: 0x0000001800000070 | 70 00 00 00 18 00 00 00
R8 =0x0000000000000004 is an unknown value
R9 =0x0000000000000004 is an unknown value
R10=0x00007ffb73e52ab0 jvm.dll
R11={method} {0x000001c91e0b6438} 'newInvokeSpecial' '(Ljava/lang/Object;)Ljava/lang/Object;' in 'java/lang/invoke/DirectMethodHandle$Holder'
R12=0x0 is null
R13=0x00000041502fdc48 is pointing into the stack for thread: 0x000001c964d9c190
R14=0x00000041502fdcb8 is pointing into the stack for thread: 0x000001c964d9c190
R15=0x000001c964d9c190 is a thread

Top of Stack: (sp=0x00000041502fdc48)
0x00000041502fdc48:   000001c915839086 00000041502fdc50
0x00000041502fdc58:   000001c91e72d03f 0000000000000004
0x00000041502fdc68:   000001c91e0b18e8 000000008941a290
0x00000041502fdc78:   000000008684c028 000001c91e0b6430
0x00000041502fdc88:   00000041502fdc48 00000041502fdcc0
0x00000041502fdc98:   00000041502fe030 000001c915befb83
0x00000041502fdca8:   0000000088520020 00000000885200c8
0x00000041502fdcb8:   0000000088520080 000000008851fe30
0x00000041502fdcc8:   00007ffb7360d642 00000041502fe030
0x00000041502fdcd8:   000001c91617ae7c 000001c964d9c190
0x00000041502fdce8:   000001c960c6be16 0000000000000000
0x00000041502fdcf8:   0000000000000000 000000000000000a
0x00000041502fdd08:   000001c900000098 0000000000000008
0x00000041502fdd18:   00000000868b6901 00000041502fcc00
0x00000041502fdd28:   000001c91605492c 000c005e0000000a
0x00000041502fdd38:   000000008684a978 000000008941a290
0x00000041502fdd48:   000000008851fcf8 000000008851fcf8
0x00000041502fdd58:   000000008851fe30 00000000885200b0
0x00000041502fdd68:   000000008851fe88 000000008941a290
0x00000041502fdd78:   0000000000000001 00000041502fe030
0x00000041502fdd88:   000001c900000000 0000000000000000
0x00000041502fdd98:   0000000000000000 0000000088520080
0x00000041502fdda8:   000001c915bf165c 0000000000000000
0x00000041502fddb8:   0000000000000000 0000000000000000
0x00000041502fddc8:   000001c915838100 000001c964d9c190
0x00000041502fddd8:   0000000000000000 000000008851fe30
0x00000041502fdde8:   0000000000000000 000000008851fcf8
0x00000041502fddf8:   00000000885200b0 000000008851fe30
0x00000041502fde08:   0000000000000000 000000008851fd00
0x00000041502fde18:   000001c915bef0b4 00000041502fe030
0x00000041502fde28:   000001c915beab6a 0000000000000000
0x00000041502fde38:   000001c915b6cb29 000001c964d9c190 

Instructions: (pc=0x000001c91588942c)
0x000001c91588932c:   8b 59 14 8b 5b 28 8b 5b 24 48 8b 5b 10 48 85 db
0x000001c91588933c:   0f 84 10 00 00 00 41 80 bf e0 05 00 00 00 74 03
0x000001c91588934c:   ff 63 38 ff 63 50 e9 a9 f6 ff ff 66 0f 1f 84 00
0x000001c91588935c:   00 00 00 00 48 8b 53 08 0f b7 52 2e 48 8b 0c d4
0x000001c91588936c:   58 5b 50 44 8b 51 08 49 bb 00 00 00 1e c9 01 00
0x000001c91588937c:   00 4d 03 d3 4c 8b 5b 10 4b 8b 9c da c8 01 00 00
0x000001c91588938c:   48 85 db 0f 84 10 00 00 00 41 80 bf e0 05 00 00
0x000001c91588939c:   00 74 03 ff 63 38 ff 63 50 e9 56 f6 ff ff 66 66
0x000001c9158893ac:   66 0f 1f 84 00 00 00 00 00 66 66 66 90 0f 1f 80
0x000001c9158893bc:   00 00 00 00 58 5b 50 8b 5b 24 48 8b 5b 10 48 85
0x000001c9158893cc:   db 0f 84 10 00 00 00 41 80 bf e0 05 00 00 00 74
0x000001c9158893dc:   03 ff 63 38 ff 63 50 e9 18 f6 ff ff 66 66 66 0f
0x000001c9158893ec:   1f 84 00 00 00 00 00 66 66 66 90 66 0f 1f 84 00
0x000001c9158893fc:   00 00 00 00 48 8b 53 08 0f b7 52 2e 48 8b 0c d4
0x000001c91588940c:   58 5b 50 48 3b 01 8b 5b 24 48 8b 5b 10 48 85 db
0x000001c91588941c:   0f 84 10 00 00 00 41 80 bf e0 05 00 00 00 74 03
0x000001c91588942c:   ff 63 38 ff 63 50 e9 c9 f5 ff ff 66 0f 1f 84 00
0x000001c91588943c:   00 00 00 00 48 8b 53 08 0f b7 52 2e 48 8b 0c d4
0x000001c91588944c:   58 5b 50 44 8b 51 08 49 bb 00 00 00 1e c9 01 00
0x000001c91588945c:   00 4d 03 d3 8b 43 18 48 8b 40 10 48 8b 5b 10 45
0x000001c91588946c:   8b 9a a0 00 00 00 4f 8d 9c da c8 01 00 00 4d 8d
0x000001c91588947c:   14 da 49 8b 1b 48 3b c3 74 15 48 85 db 0f 84 32
0x000001c91588948c:   00 00 00 49 83 c3 10 49 8b 1b 48 3b c3 75 eb 45
0x000001c91588949c:   8b 5b 08 4b 8b 1c 1a 48 85 db 0f 84 10 00 00 00
0x000001c9158894ac:   41 80 bf e0 05 00 00 00 74 03 ff 63 38 ff 63 50
0x000001c9158894bc:   e9 3f f5 ff ff e9 3a f8 ff ff f4 00 00 00 00 00
0x000001c9158894cc:   00 00 00 00 00 00 00 00 00 00 00 00 00 00 00 00
0x000001c9158894dc:   00 00 00 00 00 00 00 00 00 00 00 00 00 00 00 00
0x000001c9158894ec:   00 00 00 00 00 00 00 00 00 00 00 00 00 00 00 00
0x000001c9158894fc:   00 00 00 00 00 00 00 00 00 00 00 00 00 00 00 00
0x000001c91588950c:   00 00 00 00 00 00 00 00 00 00 00 00 00 00 00 00
0x000001c91588951c:   00 00 00 00 00 00 00 00 00 00 00 00 00 00 00 00 


Stack slot to memory mapping:

stack at sp + 0 slots: 0x000001c915839086 is at code_begin+3078 in an Interpreter codelet
return entry points  [0x000001c915838480, 0x000001c91583a298]  7704 bytes
stack at sp + 1 slots: 0x00000041502fdc50 is pointing into the stack for thread: 0x000001c964d9c190
stack at sp + 2 slots: 0x000001c91e72d03f is pointing into metadata
stack at sp + 3 slots: 0x0000000000000004 is an unknown value
stack at sp + 4 slots: 0x000001c91e0b18e8 is pointing into metadata
stack at sp + 5 slots: 0x000000008941a290 is an oop: java.lang.Class 
{0x000000008941a290} - klass: 'java/lang/Class'
 - ---- fields (total size 14 words):
 - private volatile transient 'classRedefinedCount' 'I' @12  1 (0x00000001)
 - injected 'klass' 'J' @16  1963324856832 (0x000001c91f47da00)
 - injected 'array_klass' 'J' @24  0 (0x0000000000000000)
 - injected 'oop_size' 'I' @32  14 (0x0000000e)
 - injected 'static_oop_field_count' 'I' @36  0 (0x00000000)
 - private volatile transient 'cachedConstructor' 'Ljava/lang/reflect/Constructor;' @40  null (0x00000000)
 - private transient 'name' 'Ljava/lang/String;' @44  "com.example.demo.web.JqueryController"{0x000000008941a300} (0x8941a300)
 - private transient 'module' 'Ljava/lang/Module;' @48  a 'java/lang/Module'{0x0000000089b00300} (0x89b00300)
 - private final 'classLoader' 'Ljava/lang/ClassLoader;' @52  a 'org/springframework/boot/devtools/restart/classloader/RestartClassLoader'{0x0000000089b00170} (0x89b00170)
 - private transient 'classData' 'Ljava/lang/Object;' @56  null (0x00000000)
 - private transient 'packageName' 'Ljava/lang/String;' @60  "com.example.demo.web"{0x0000000089416ad8} (0x89416ad8)
 - private final 'componentType' 'Ljava/lang/Class;' @64  null (0x00000000)
 - private volatile transient 'reflectionData' 'Ljava/lang/ref/SoftReference;' @68  a 'java/lang/ref/SoftReference'{0x0000000088508368} (0x88508368)
 - private volatile transient 'genericInfo' 'Lsun/reflect/generics/repository/ClassRepository;' @72  null (0x00000000)
 - private volatile transient 'enumConstants' '[Ljava/lang/Object;' @76  null (0x00000000)
 - private volatile transient 'enumConstantDirectory' 'Ljava/util/Map;' @80  null (0x00000000)
 - private volatile transient 'annotationData' 'Ljava/lang/Class$AnnotationData;' @84  null (0x00000000)
 - private volatile transient 'annotationType' 'Lsun/reflect/annotation/AnnotationType;' @88  null (0x00000000)
 - transient 'classValueMap' 'Ljava/lang/ClassValue$ClassValueMap;' @92  null (0x00000000)
 - injected 'protection_domain' 'Ljava/lang/Object;' @96  a 'java/security/ProtectionDomain'{0x0000000089b0c520} (0x89b0c520)
 - injected 'signers_name' 'Ljava/lang/Object;' @100  null (0x00000000)
 - injected 'source_file' 'Ljava/lang/Object;' @104  null (0x00000000)
 - signature: Lcom/example/demo/web/JqueryController;
 - ---- static fields (0):
stack at sp + 6 slots: 0x000000008684c028 is an oop: java.lang.Class 
{0x000000008684c028} - klass: 'java/lang/Class'
 - ---- fields (total size 14 words):
 - private volatile transient 'classRedefinedCount' 'I' @12  0 (0x00000000)
 - injected 'klass' 'J' @16  1963304096952 (0x000001c91e0b14b8)
 - injected 'array_klass' 'J' @24  0 (0x0000000000000000)
 - injected 'oop_size' 'I' @32  14 (0x0000000e)
 - injected 'static_oop_field_count' 'I' @36  0 (0x00000000)
 - private volatile transient 'cachedConstructor' 'Ljava/lang/reflect/Constructor;' @40  null (0x00000000)
 - private transient 'name' 'Ljava/lang/String;' @44  null (0x00000000)
 - private transient 'module' 'Ljava/lang/Module;' @48  a 'java/lang/Module'{0x0000000086828300} (0x86828300)
 - private final 'classLoader' 'Ljava/lang/ClassLoader;' @52  null (0x00000000)
 - private transient 'classData' 'Ljava/lang/Object;' @56  null (0x00000000)
 - private transient 'packageName' 'Ljava/lang/String;' @60  null (0x00000000)
 - private final 'componentType' 'Ljava/lang/Class;' @64  null (0x00000000)
 - private volatile transient 'reflectionData' 'Ljava/lang/ref/SoftReference;' @68  null (0x00000000)
 - private volatile transient 'genericInfo' 'Lsun/reflect/generics/repository/ClassRepository;' @72  null (0x00000000)
 - private volatile transient 'enumConstants' '[Ljava/lang/Object;' @76  null (0x00000000)
 - private volatile transient 'enumConstantDirectory' 'Ljava/util/Map;' @80  null (0x00000000)
 - private volatile transient 'annotationData' 'Ljava/lang/Class$AnnotationData;' @84  null (0x00000000)
 - private volatile transient 'annotationType' 'Lsun/reflect/annotation/AnnotationType;' @88  null (0x00000000)
 - transient 'classValueMap' 'Ljava/lang/ClassValue$ClassValueMap;' @92  null (0x00000000)
 - injected 'protection_domain' 'Ljava/lang/Object;' @96  null (0x00000000)
 - injected 'signers_name' 'Ljava/lang/Object;' @100  null (0x00000000)
 - injected 'source_file' 'Ljava/lang/Object;' @104  null (0x00000000)
 - signature: Ljava/lang/invoke/DirectMethodHandle$Holder;
 - ---- static fields (0):
stack at sp + 7 slots: {method} {0x000001c91e0b6438} 'newInvokeSpecial' '(Ljava/lang/Object;)Ljava/lang/Object;' in 'java/lang/invoke/DirectMethodHandle$Holder'

MethodHandle::interpreter_entry::_linkToSpecial [0x000001c9158893e8, 0x000001c915889437] (79 bytes)
[MachCode]
  0x000001c9158893e8: 6666 660f | 1f84 0000 | 0000 0066 | 6666 9066 | 0f1f 8400 | 0000 0000 | 488b 5308 | 0fb7 522e 
  0x000001c915889408: 488b 0cd4 | 585b 5048 | 3b01 8b5b | 2448 8b5b | 1048 85db | 0f84 1000 | 0000 4180 | bfe0 0500 
  0x000001c915889428: 0000 7403 | ff63 38ff | 6350 e9c9 | 
[/MachCode]

---------------  P R O C E S S  ---------------

Threads class SMR info:
_java_thread_list=0x000001c9647d1690, length=25, elements={
0x000001c91da13710, 0x000001c91da16440, 0x000001c91da17880, 0x000001c91da196d0,
0x000001c91da23150, 0x000001c91da23ce0, 0x000001c91da2b2d0, 0x000001c91db640e0,
0x000001c91dc2f330, 0x000001c91dc51ed0, 0x000001c91dc54560, 0x000001c9633f1420,
0x000001c9635d41c0, 0x000001c91dce0a70, 0x000001c963555bc0, 0x000001c963bda490,
0x000001c963be4b20, 0x000001c963c10d10, 0x000001c963c113a0, 0x000001c964d9e8f0,
0x000001c964d9a750, 0x000001c964d9c190, 0x000001c964d9b470, 0x000001c964da0330,
0x000001c964d9d540
}

Java Threads: ( => current thread )
  0x000001c91da13710 JavaThread "Reference Handler"          daemon [_thread_blocked, id=11568, stack(0x0000004150b00000,0x0000004150c00000) (1024K)]
  0x000001c91da16440 JavaThread "Finalizer"                  daemon [_thread_blocked, id=14172, stack(0x0000004150c00000,0x0000004150d00000) (1024K)]
  0x000001c91da17880 JavaThread "Signal Dispatcher"          daemon [_thread_blocked, id=4632, stack(0x0000004150d00000,0x0000004150e00000) (1024K)]
  0x000001c91da196d0 JavaThread "Attach Listener"            daemon [_thread_blocked, id=8760, stack(0x0000004150e00000,0x0000004150f00000) (1024K)]
  0x000001c91da23150 JavaThread "Service Thread"             daemon [_thread_blocked, id=7316, stack(0x0000004150f00000,0x0000004151000000) (1024K)]
  0x000001c91da23ce0 JavaThread "Monitor Deflation Thread"   daemon [_thread_blocked, id=10096, stack(0x0000004151000000,0x0000004151100000) (1024K)]
  0x000001c91da2b2d0 JavaThread "C1 CompilerThread0"         daemon [_thread_blocked, id=7784, stack(0x0000004151100000,0x0000004151200000) (1024K)]
  0x000001c91db640e0 JavaThread "Common-Cleaner"             daemon [_thread_blocked, id=5740, stack(0x0000004151200000,0x0000004151300000) (1024K)]
  0x000001c91dc2f330 JavaThread "JDWP Transport Listener: dt_socket" daemon [_thread_blocked, id=2968, stack(0x0000004151500000,0x0000004151600000) (1024K)]
  0x000001c91dc51ed0 JavaThread "JDWP Event Helper Thread"   daemon [_thread_blocked, id=12428, stack(0x0000004151600000,0x0000004151700000) (1024K)]
  0x000001c91dc54560 JavaThread "JDWP Command Reader"        daemon [_thread_in_native, id=13724, stack(0x0000004151700000,0x0000004151800000) (1024K)]
  0x000001c9633f1420 JavaThread "Notification Thread"        daemon [_thread_blocked, id=11236, stack(0x0000004151800000,0x0000004151900000) (1024K)]
  0x000001c9635d41c0 JavaThread "RMI TCP Accept-0"           daemon [_thread_in_native, id=16936, stack(0x0000004151a00000,0x0000004151b00000) (1024K)]
  0x000001c91dce0a70 JavaThread "RMI TCP Accept-50532"       daemon [_thread_in_native, id=15704, stack(0x0000004152200000,0x0000004152300000) (1024K)]
  0x000001c963555bc0 JavaThread "RMI TCP Accept-0"           daemon [_thread_in_native, id=12104, stack(0x0000004152300000,0x0000004152400000) (1024K)]
  0x000001c963bda490 JavaThread "RMI Scheduler(0)"           daemon [_thread_blocked, id=11164, stack(0x0000004152700000,0x0000004152800000) (1024K)]
  0x000001c963be4b20 JavaThread "RMI TCP Connection(8)-127.0.0.1" daemon [_thread_in_native, id=8980, stack(0x0000004152800000,0x0000004152900000) (1024K)]
  0x000001c963c10d10 JavaThread "JMX server connection timeout 41" daemon [_thread_blocked, id=16364, stack(0x0000004152900000,0x0000004152a00000) (1024K)]
  0x000001c963c113a0 JavaThread "Live Reload Server"         daemon [_thread_in_native, id=15764, stack(0x0000004153000000,0x0000004153100000) (1024K)]
  0x000001c964d9e8f0 JavaThread "DestroyJavaVM"                     [_thread_blocked, id=7828, stack(0x0000004150300000,0x0000004150400000) (1024K)]
  0x000001c964d9a750 JavaThread "Thread-7"                          [_thread_blocked, id=14064, stack(0x0000004150000000,0x0000004150100000) (1024K)]
=>0x000001c964d9c190 JavaThread "restartedMain"                     [_thread_in_Java, id=7708, stack(0x0000004150200000,0x0000004150300000) (1024K)]
  0x000001c964d9b470 JavaThread "Catalina-utility-1"                [_thread_blocked, id=16948, stack(0x0000004151400000,0x0000004151500000) (1024K)]
  0x000001c964da0330 JavaThread "Catalina-utility-2"                [_thread_blocked, id=4532, stack(0x0000004151900000,0x0000004151a00000) (1024K)]
  0x000001c964d9d540 JavaThread "container-0"                       [_thread_blocked, id=12700, stack(0x0000004152400000,0x0000004152500000) (1024K)]
Total: 25

Other Threads:
  0x000001c91d9f42a0 VMThread "VM Thread"                           [id=3432, stack(0x0000004150a00000,0x0000004150b00000) (1024K)] _threads_hazard_ptr=0x000001c9647d1690
  0x000001c91d9e0bb0 WatcherThread "VM Periodic Task Thread"        [id=14324, stack(0x0000004150900000,0x0000004150a00000) (1024K)]
  0x000001c90d1be0a0 WorkerThread "GC Thread#0"                     [id=10284, stack(0x0000004150400000,0x0000004150500000) (1024K)]
  0x000001c9635f6440 WorkerThread "GC Thread#1"                     [id=16164, stack(0x0000004151b00000,0x0000004151c00000) (1024K)]
  0x000001c9636659c0 WorkerThread "GC Thread#2"                     [id=6752, stack(0x0000004151c00000,0x0000004151d00000) (1024K)]
  0x000001c963665d60 WorkerThread "GC Thread#3"                     [id=16344, stack(0x0000004151d00000,0x0000004151e00000) (1024K)]
  0x000001c963666100 WorkerThread "GC Thread#4"                     [id=740, stack(0x0000004151e00000,0x0000004151f00000) (1024K)]
  0x000001c9636664a0 WorkerThread "GC Thread#5"                     [id=5840, stack(0x0000004151f00000,0x0000004152000000) (1024K)]
  0x000001c963666840 WorkerThread "GC Thread#6"                     [id=8236, stack(0x0000004152000000,0x0000004152100000) (1024K)]
  0x000001c9636673f0 WorkerThread "GC Thread#7"                     [id=1276, stack(0x0000004152100000,0x0000004152200000) (1024K)]
  0x000001c90d1ed370 ConcurrentGCThread "G1 Main Marker"            [id=16268, stack(0x0000004150500000,0x0000004150600000) (1024K)]
  0x000001c90d1edd80 WorkerThread "G1 Conc#0"                       [id=17288, stack(0x0000004150600000,0x0000004150700000) (1024K)]
  0x000001c963bdab50 WorkerThread "G1 Conc#1"                       [id=4672, stack(0x0000004152b00000,0x0000004152c00000) (1024K)]
  0x000001c91d8b3650 ConcurrentGCThread "G1 Refine#0"               [id=2720, stack(0x0000004150700000,0x0000004150800000) (1024K)]
  0x000001c91d8b40d0 ConcurrentGCThread "G1 Service"                [id=2568, stack(0x0000004150800000,0x0000004150900000) (1024K)]
Total: 15

Threads with active compile tasks:
Total: 0

VM state: synchronizing (normal execution)

VM Mutex/Monitor currently owned by a thread:  ([mutex/lock_event])
[0x00007ffb73e43198] Threads_lock - owner thread: 0x000001c91d9f42a0

Heap address: 0x0000000086600000, size: 1946 MB, Compressed Oops mode: 32-bit

CDS archive(s) mapped at: [0x000001c91e000000-0x000001c91ec90000-0x000001c91ec90000), size 13172736, SharedBaseAddress: 0x000001c91e000000, ArchiveRelocationMode: 1.
Compressed class space mapped at: 0x000001c91f000000-0x000001c95f000000, reserved size: 1073741824
Narrow klass base: 0x000001c91e000000, Narrow klass shift: 0, Narrow klass range: 0x100000000

GC Precious Log:
 CardTable entry size: 512
 Card Set container configuration: InlinePtr #cards 5 size 8 Array Of Cards #cards 12 size 40 Howl #buckets 4 coarsen threshold 1843 Howl Bitmap #cards 512 size 80 coarsen threshold 460 Card regions per heap region 1 cards per card region 2048
 CPUs: 8 total, 8 available
 Memory: 7778M
 Large Page Support: Disabled
 NUMA Support: Disabled
 Compressed Oops: Enabled (32-bit)
 Heap Region Size: 1M
 Heap Min Capacity: 8M
 Heap Initial Capacity: 122M
 Heap Max Capacity: 1946M
 Pre-touch: Disabled
 Parallel Workers: 8
 Concurrent Workers: 2
 Concurrent Refinement Workers: 8
 Periodic GC: Disabled

Heap:
 garbage-first heap   total 55296K, used 37099K [0x0000000086600000, 0x0000000100000000)
  region size 1024K, 23 young (23552K), 0 survivors (0K)
 Metaspace       used 34879K, committed 35776K, reserved 1114112K
  class space    used 4587K, committed 4928K, reserved 1048576K

Heap Regions: E=young(eden), S=young(survivor), O=old, HS=humongous(starts), HC=humongous(continues), CS=collection set, F=free, TAMS=top-at-mark-start, PB=parsable bottom
|   0|0x0000000086600000, 0x00000000866fc138, 0x0000000086700000| 98%| O|  |TAMS 0x0000000086600000| PB 0x0000000086600000| Untracked 
|   1|0x0000000086700000, 0x0000000086800000, 0x0000000086800000|100%| O|  |TAMS 0x0000000086700000| PB 0x0000000086700000| Untracked 
|   2|0x0000000086800000, 0x0000000086900000, 0x0000000086900000|100%| O|  |TAMS 0x0000000086800000| PB 0x0000000086800000| Untracked 
|   3|0x0000000086900000, 0x0000000086a00000, 0x0000000086a00000|100%| O|  |TAMS 0x0000000086900000| PB 0x0000000086900000| Untracked 
|   4|0x0000000086a00000, 0x0000000086b00000, 0x0000000086b00000|100%| O|  |TAMS 0x0000000086a00000| PB 0x0000000086a00000| Untracked 
|   5|0x0000000086b00000, 0x0000000086c00000, 0x0000000086c00000|100%| O|  |TAMS 0x0000000086b00000| PB 0x0000000086b00000| Untracked 
|   6|0x0000000086c00000, 0x0000000086cfffe8, 0x0000000086d00000| 99%| O|  |TAMS 0x0000000086c00000| PB 0x0000000086c00000| Untracked 
|   7|0x0000000086d00000, 0x0000000086dfffd0, 0x0000000086e00000| 99%| O|  |TAMS 0x0000000086d00000| PB 0x0000000086d00000| Untracked 
|   8|0x0000000086e00000, 0x0000000086f00000, 0x0000000086f00000|100%| O|  |TAMS 0x0000000086e00000| PB 0x0000000086e00000| Untracked 
|   9|0x0000000086f00000, 0x0000000087000000, 0x0000000087000000|100%| O|  |TAMS 0x0000000086f00000| PB 0x0000000086f00000| Untracked 
|  10|0x0000000087000000, 0x00000000870ffff8, 0x0000000087100000| 99%| O|  |TAMS 0x0000000087000000| PB 0x0000000087000000| Untracked 
|  11|0x0000000087100000, 0x00000000871d90b8, 0x0000000087200000| 84%| O|  |TAMS 0x0000000087100000| PB 0x0000000087100000| Untracked 
|  12|0x0000000087200000, 0x00000000872ffff0, 0x0000000087300000| 99%| O|  |TAMS 0x0000000087200000| PB 0x0000000087200000| Untracked 
|  13|0x0000000087300000, 0x00000000873fffd0, 0x0000000087400000| 99%| O|  |TAMS 0x0000000087300000| PB 0x0000000087300000| Untracked 
|  14|0x0000000087400000, 0x0000000087400000, 0x0000000087500000|  0%| F|  |TAMS 0x0000000087400000| PB 0x0000000087400000| Untracked 
|  15|0x0000000087500000, 0x0000000087547fa8, 0x0000000087600000| 28%| O|  |TAMS 0x0000000087500000| PB 0x0000000087500000| Untracked 
|  16|0x0000000087600000, 0x000000008761dee0, 0x0000000087700000| 11%| O|  |TAMS 0x0000000087600000| PB 0x0000000087600000| Untracked 
|  17|0x0000000087700000, 0x0000000087700000, 0x0000000087800000|  0%| F|  |TAMS 0x0000000087700000| PB 0x0000000087700000| Untracked 
|  18|0x0000000087800000, 0x0000000087800000, 0x0000000087900000|  0%| F|  |TAMS 0x0000000087800000| PB 0x0000000087800000| Untracked 
|  19|0x0000000087900000, 0x0000000087900000, 0x0000000087a00000|  0%| F|  |TAMS 0x0000000087900000| PB 0x0000000087900000| Untracked 
|  20|0x0000000087a00000, 0x0000000087a00000, 0x0000000087b00000|  0%| F|  |TAMS 0x0000000087a00000| PB 0x0000000087a00000| Untracked 
|  21|0x0000000087b00000, 0x0000000087b00000, 0x0000000087c00000|  0%| F|  |TAMS 0x0000000087b00000| PB 0x0000000087b00000| Untracked 
|  22|0x0000000087c00000, 0x0000000087c00000, 0x0000000087d00000|  0%| F|  |TAMS 0x0000000087c00000| PB 0x0000000087c00000| Untracked 
|  23|0x0000000087d00000, 0x0000000087d00000, 0x0000000087e00000|  0%| F|  |TAMS 0x0000000087d00000| PB 0x0000000087d00000| Untracked 
|  24|0x0000000087e00000, 0x0000000087e00000, 0x0000000087f00000|  0%| F|  |TAMS 0x0000000087e00000| PB 0x0000000087e00000| Untracked 
|  25|0x0000000087f00000, 0x0000000087f00000, 0x0000000088000000|  0%| F|  |TAMS 0x0000000087f00000| PB 0x0000000087f00000| Untracked 
|  26|0x0000000088000000, 0x0000000088000000, 0x0000000088100000|  0%| F|  |TAMS 0x0000000088000000| PB 0x0000000088000000| Untracked 
|  27|0x0000000088100000, 0x0000000088100000, 0x0000000088200000|  0%| F|  |TAMS 0x0000000088100000| PB 0x0000000088100000| Untracked 
|  28|0x0000000088200000, 0x0000000088200000, 0x0000000088300000|  0%| F|  |TAMS 0x0000000088200000| PB 0x0000000088200000| Untracked 
|  29|0x0000000088300000, 0x0000000088300000, 0x0000000088400000|  0%| F|  |TAMS 0x0000000088300000| PB 0x0000000088300000| Untracked 
|  30|0x0000000088400000, 0x0000000088400000, 0x0000000088500000|  0%| F|  |TAMS 0x0000000088400000| PB 0x0000000088400000| Untracked 
|  31|0x0000000088500000, 0x00000000885de7d0, 0x0000000088600000| 86%| E|  |TAMS 0x0000000088500000| PB 0x0000000088500000| Complete 
|  32|0x0000000088600000, 0x0000000088700000, 0x0000000088700000|100%| E|CS|TAMS 0x0000000088600000| PB 0x0000000088600000| Complete 
|  33|0x0000000088700000, 0x0000000088800000, 0x0000000088800000|100%| E|CS|TAMS 0x0000000088700000| PB 0x0000000088700000| Complete 
|  34|0x0000000088800000, 0x0000000088900000, 0x0000000088900000|100%| E|CS|TAMS 0x0000000088800000| PB 0x0000000088800000| Complete 
|  35|0x0000000088900000, 0x0000000088a00000, 0x0000000088a00000|100%| E|CS|TAMS 0x0000000088900000| PB 0x0000000088900000| Complete 
|  36|0x0000000088a00000, 0x0000000088b00000, 0x0000000088b00000|100%| E|CS|TAMS 0x0000000088a00000| PB 0x0000000088a00000| Complete 
|  37|0x0000000088b00000, 0x0000000088c00000, 0x0000000088c00000|100%| E|CS|TAMS 0x0000000088b00000| PB 0x0000000088b00000| Complete 
|  38|0x0000000088c00000, 0x0000000088d00000, 0x0000000088d00000|100%| E|CS|TAMS 0x0000000088c00000| PB 0x0000000088c00000| Complete 
|  39|0x0000000088d00000, 0x0000000088e00000, 0x0000000088e00000|100%| E|CS|TAMS 0x0000000088d00000| PB 0x0000000088d00000| Complete 
|  40|0x0000000088e00000, 0x0000000088f00000, 0x0000000088f00000|100%| E|CS|TAMS 0x0000000088e00000| PB 0x0000000088e00000| Complete 
|  41|0x0000000088f00000, 0x0000000089000000, 0x0000000089000000|100%| E|CS|TAMS 0x0000000088f00000| PB 0x0000000088f00000| Complete 
|  42|0x0000000089000000, 0x0000000089100000, 0x0000000089100000|100%| E|CS|TAMS 0x0000000089000000| PB 0x0000000089000000| Complete 
|  43|0x0000000089100000, 0x0000000089200000, 0x0000000089200000|100%| E|CS|TAMS 0x0000000089100000| PB 0x0000000089100000| Complete 
|  44|0x0000000089200000, 0x0000000089300000, 0x0000000089300000|100%| E|CS|TAMS 0x0000000089200000| PB 0x0000000089200000| Complete 
|  45|0x0000000089300000, 0x0000000089400000, 0x0000000089400000|100%| E|CS|TAMS 0x0000000089300000| PB 0x0000000089300000| Complete 
|  46|0x0000000089400000, 0x0000000089500000, 0x0000000089500000|100%| E|CS|TAMS 0x0000000089400000| PB 0x0000000089400000| Complete 
|  47|0x0000000089500000, 0x0000000089600000, 0x0000000089600000|100%| E|CS|TAMS 0x0000000089500000| PB 0x0000000089500000| Complete 
|  48|0x0000000089600000, 0x0000000089700000, 0x0000000089700000|100%| E|CS|TAMS 0x0000000089600000| PB 0x0000000089600000| Complete 
|  49|0x0000000089700000, 0x0000000089800000, 0x0000000089800000|100%| E|CS|TAMS 0x0000000089700000| PB 0x0000000089700000| Complete 
|  50|0x0000000089800000, 0x0000000089900000, 0x0000000089900000|100%| E|CS|TAMS 0x0000000089800000| PB 0x0000000089800000| Complete 
|  51|0x0000000089900000, 0x0000000089a00000, 0x0000000089a00000|100%| E|CS|TAMS 0x0000000089900000| PB 0x0000000089900000| Complete 
|  52|0x0000000089a00000, 0x0000000089b00000, 0x0000000089b00000|100%| E|CS|TAMS 0x0000000089a00000| PB 0x0000000089a00000| Complete 
|  53|0x0000000089b00000, 0x0000000089c00000, 0x0000000089c00000|100%| E|CS|TAMS 0x0000000089b00000| PB 0x0000000089b00000| Complete 

Card table byte_map: [0x000001c918d10000,0x000001c9190e0000] _byte_map_base: 0x000001c9188dd000

Marking Bits: (CMBitMap*) 0x000001c90d1be6b0
 Bits: [0x000001c9190e0000, 0x000001c91af48000)

Polling page: 0x000001c90b100000

Metaspace:

Usage:
  Non-class:     29.58 MB used.
      Class:      4.48 MB used.
       Both:     34.06 MB used.

Virtual space:
  Non-class space:       64.00 MB reserved,      30.12 MB ( 47%) committed,  1 nodes.
      Class space:        1.00 GB reserved,       4.81 MB ( <1%) committed,  1 nodes.
             Both:        1.06 GB reserved,      34.94 MB (  3%) committed. 

Chunk freelists:
   Non-Class:  1.84 MB
       Class:  11.24 MB
        Both:  13.08 MB

MaxMetaspaceSize: unlimited
CompressedClassSpaceSize: 1.00 GB
Initial GC threshold: 21.00 MB
Current GC threshold: 58.25 MB
CDS: on
 - commit_granule_bytes: 65536.
 - commit_granule_words: 8192.
 - virtual_space_node_default_size: 8388608.
 - enlarge_chunks_in_place: 1.
 - use_allocation_guard: 0.


Internal statistics:

num_allocs_failed_limit: 3.
num_arena_births: 838.
num_arena_deaths: 328.
num_vsnodes_births: 2.
num_vsnodes_deaths: 0.
num_space_committed: 559.
num_space_uncommitted: 0.
num_chunks_returned_to_freelist: 382.
num_chunks_taken_from_freelist: 2005.
num_chunk_merges: 96.
num_chunk_splits: 1387.
num_chunks_enlarged: 986.
num_inconsistent_stats: 0.

CodeCache: size=49152Kb used=10726Kb max_used=12293Kb free=38425Kb
 bounds [0x000001c915830000, 0x000001c916440000, 0x000001c918830000]
 total_blobs=5985 nmethods=5397 adapters=511
 compilation: enabled
              stopped_count=0, restarted_count=0
 full_count=0

Compilation events (20 events):
Event: 287.071 Thread 0x000001c91da2b2d0 nmethod 5458 0x000001c916360c90 code [0x000001c916360ea0, 0x000001c9163611f8]
Event: 287.071 Thread 0x000001c963b23bd0 nmethod 5459 0x000001c916360990 code [0x000001c916360b20, 0x000001c916360be8]
Event: 287.071 Thread 0x000001c91da2b2d0 5460       1       java.lang.reflect.Proxy$ProxyBuilder$ProxyClassContext::module (5 bytes)
Event: 287.071 Thread 0x000001c91da2b2d0 nmethod 5460 0x000001c916360690 code [0x000001c916360820, 0x000001c9163608e8]
Event: 301.023 Thread 0x000001c91da2b2d0 5462       1       sun.rmi.runtime.Log$LoggerLog::isLoggable (9 bytes)
Event: 301.024 Thread 0x000001c91da2b2d0 nmethod 5462 0x000001c915a4b590 code [0x000001c915a4b720, 0x000001c915a4b828]
Event: 301.024 Thread 0x000001c91da2b2d0 5464       1       java.io.ObjectInputStream$PeekInputStream::readFully (48 bytes)
Event: 301.024 Thread 0x000001c91da2b2d0 nmethod 5464 0x000001c915a4b090 code [0x000001c915a4b260, 0x000001c915a4b470]
Event: 301.024 Thread 0x000001c91da2b2d0 5463       1       java.lang.StringBuilder::append (10 bytes)
Event: 301.024 Thread 0x000001c91da2b2d0 nmethod 5463 0x000001c915a4ad10 code [0x000001c915a4aec0, 0x000001c915a4afd8]
Event: 301.026 Thread 0x000001c91da2b2d0 5465       1       jdk.internal.reflect.ClassFileAssembler::getLength (11 bytes)
Event: 301.026 Thread 0x000001c91da2b2d0 nmethod 5465 0x000001c915a4a990 code [0x000001c915a4ab20, 0x000001c915a4ac38]
Event: 301.027 Thread 0x000001c91da2b2d0 5467       1       java.io.ClassCache::processQueue (32 bytes)
Event: 301.027 Thread 0x000001c91da2b2d0 nmethod 5467 0x000001c915a4a390 code [0x000001c915a4a560, 0x000001c915a4a768]
Event: 301.027 Thread 0x000001c91da2b2d0 5466       1       java.io.ClassCache::get (56 bytes)
Event: 301.029 Thread 0x000001c91da2b2d0 nmethod 5466 0x000001c915a49210 code [0x000001c915a49440, 0x000001c915a499c8]
Event: 301.029 Thread 0x000001c91da2b2d0 5468       1       java.io.ObjectStreamField::getField (5 bytes)
Event: 301.029 Thread 0x000001c91da2b2d0 nmethod 5468 0x000001c915a48f10 code [0x000001c915a490a0, 0x000001c915a49168]
Event: 301.050 Thread 0x000001c91da2b2d0 5470       1       jdk.internal.reflect.ClassFileAssembler::incStack (11 bytes)
Event: 301.050 Thread 0x000001c91da2b2d0 nmethod 5470 0x000001c915a48c10 code [0x000001c915a48da0, 0x000001c915a48e80]

GC Heap History (20 events):
Event: 1.375 GC heap before
{Heap before GC invocations=4 (full 0):
 garbage-first heap   total 37888K, used 36267K [0x0000000086600000, 0x0000000100000000)
  region size 1024K, 31 young (31744K), 3 survivors (3072K)
 Metaspace       used 18763K, committed 19072K, reserved 1114112K
  class space    used 2358K, committed 2496K, reserved 1048576K
}
Event: 1.378 GC heap after
{Heap after GC invocations=5 (full 0):
 garbage-first heap   total 41984K, used 9267K [0x0000000086600000, 0x0000000100000000)
  region size 1024K, 4 young (4096K), 4 survivors (4096K)
 Metaspace       used 18763K, committed 19072K, reserved 1114112K
  class space    used 2358K, committed 2496K, reserved 1048576K
}
Event: 1.448 GC heap before
{Heap before GC invocations=5 (full 0):
 garbage-first heap   total 41984K, used 29747K [0x0000000086600000, 0x0000000100000000)
  region size 1024K, 24 young (24576K), 4 survivors (4096K)
 Metaspace       used 20393K, committed 20736K, reserved 1114112K
  class space    used 2589K, committed 2752K, reserved 1048576K
}
Event: 1.451 GC heap after
{Heap after GC invocations=6 (full 0):
 garbage-first heap   total 41984K, used 9849K [0x0000000086600000, 0x0000000100000000)
  region size 1024K, 2 young (2048K), 2 survivors (2048K)
 Metaspace       used 20393K, committed 20736K, reserved 1114112K
  class space    used 2589K, committed 2752K, reserved 1048576K
}
Event: 1.649 GC heap before
{Heap before GC invocations=6 (full 0):
 garbage-first heap   total 41984K, used 31353K [0x0000000086600000, 0x0000000100000000)
  region size 1024K, 24 young (24576K), 2 survivors (2048K)
 Metaspace       used 21507K, committed 21888K, reserved 1114112K
  class space    used 2760K, committed 2944K, reserved 1048576K
}
Event: 1.651 GC heap after
{Heap after GC invocations=7 (full 0):
 garbage-first heap   total 51200K, used 11412K [0x0000000086600000, 0x0000000100000000)
  region size 1024K, 3 young (3072K), 3 survivors (3072K)
 Metaspace       used 21507K, committed 21888K, reserved 1114112K
  class space    used 2760K, committed 2944K, reserved 1048576K
}
Event: 1.903 GC heap before
{Heap before GC invocations=7 (full 0):
 garbage-first heap   total 51200K, used 38036K [0x0000000086600000, 0x0000000100000000)
  region size 1024K, 30 young (30720K), 3 survivors (3072K)
 Metaspace       used 23310K, committed 23680K, reserved 1114112K
  class space    used 3012K, committed 3200K, reserved 1048576K
}
Event: 1.906 GC heap after
{Heap after GC invocations=8 (full 0):
 garbage-first heap   total 51200K, used 11910K [0x0000000086600000, 0x0000000100000000)
  region size 1024K, 3 young (3072K), 3 survivors (3072K)
 Metaspace       used 23310K, committed 23680K, reserved 1114112K
  class space    used 3012K, committed 3200K, reserved 1048576K
}
Event: 2.210 GC heap before
{Heap before GC invocations=8 (full 0):
 garbage-first heap   total 51200K, used 39558K [0x0000000086600000, 0x0000000100000000)
  region size 1024K, 30 young (30720K), 3 survivors (3072K)
 Metaspace       used 26079K, committed 26624K, reserved 1114112K
  class space    used 3437K, committed 3712K, reserved 1048576K
}
Event: 2.213 GC heap after
{Heap after GC invocations=9 (full 0):
 garbage-first heap   total 51200K, used 13680K [0x0000000086600000, 0x0000000100000000)
  region size 1024K, 3 young (3072K), 3 survivors (3072K)
 Metaspace       used 26079K, committed 26624K, reserved 1114112K
  class space    used 3437K, committed 3712K, reserved 1048576K
}
Event: 2.321 GC heap before
{Heap before GC invocations=9 (full 0):
 garbage-first heap   total 51200K, used 28016K [0x0000000086600000, 0x0000000100000000)
  region size 1024K, 18 young (18432K), 3 survivors (3072K)
 Metaspace       used 27300K, committed 27776K, reserved 1114112K
  class space    used 3553K, committed 3776K, reserved 1048576K
}
Event: 2.325 GC heap after
{Heap after GC invocations=10 (full 0):
 garbage-first heap   total 51200K, used 14353K [0x0000000086600000, 0x0000000100000000)
  region size 1024K, 3 young (3072K), 3 survivors (3072K)
 Metaspace       used 27300K, committed 27776K, reserved 1114112K
  class space    used 3553K, committed 3776K, reserved 1048576K
}
Event: 2.599 GC heap before
{Heap before GC invocations=11 (full 0):
 garbage-first heap   total 51200K, used 40977K [0x0000000086600000, 0x0000000100000000)
  region size 1024K, 30 young (30720K), 3 survivors (3072K)
 Metaspace       used 29489K, committed 30080K, reserved 1114112K
  class space    used 3875K, committed 4160K, reserved 1048576K
}
Event: 2.602 GC heap after
{Heap after GC invocations=12 (full 0):
 garbage-first heap   total 61440K, used 15952K [0x0000000086600000, 0x0000000100000000)
  region size 1024K, 3 young (3072K), 3 survivors (3072K)
 Metaspace       used 29489K, committed 30080K, reserved 1114112K
  class space    used 3875K, committed 4160K, reserved 1048576K
}
Event: 6.036 GC heap before
{Heap before GC invocations=12 (full 0):
 garbage-first heap   total 61440K, used 48720K [0x0000000086600000, 0x0000000100000000)
  region size 1024K, 36 young (36864K), 3 survivors (3072K)
 Metaspace       used 32663K, committed 33280K, reserved 1114112K
  class space    used 4303K, committed 4608K, reserved 1048576K
}
Event: 6.041 GC heap after
{Heap after GC invocations=13 (full 0):
 garbage-first heap   total 61440K, used 17238K [0x0000000086600000, 0x0000000100000000)
  region size 1024K, 4 young (4096K), 4 survivors (4096K)
 Metaspace       used 32663K, committed 33280K, reserved 1114112K
  class space    used 4303K, committed 4608K, reserved 1048576K
}
Event: 284.139 GC heap before
{Heap before GC invocations=13 (full 0):
 garbage-first heap   total 61440K, used 47958K [0x0000000086600000, 0x0000000100000000)
  region size 1024K, 35 young (35840K), 4 survivors (4096K)
 Metaspace       used 35140K, committed 35776K, reserved 1114112K
  class space    used 4655K, committed 4928K, reserved 1048576K
}
Event: 284.159 GC heap after
{Heap after GC invocations=14 (full 1):
 garbage-first heap   total 61440K, used 16486K [0x0000000086600000, 0x0000000100000000)
  region size 1024K, 0 young (0K), 0 survivors (0K)
 Metaspace       used 35140K, committed 35776K, reserved 1114112K
  class space    used 4655K, committed 4928K, reserved 1048576K
}
Event: 285.995 GC heap before
{Heap before GC invocations=14 (full 1):
 garbage-first heap   total 61440K, used 46182K [0x0000000086600000, 0x0000000100000000)
  region size 1024K, 30 young (30720K), 0 survivors (0K)
 Metaspace       used 35166K, committed 35776K, reserved 1114112K
  class space    used 4661K, committed 4928K, reserved 1048576K
}
Event: 286.030 GC heap after
{Heap after GC invocations=15 (full 2):
 garbage-first heap   total 55296K, used 14571K [0x0000000086600000, 0x0000000100000000)
  region size 1024K, 0 young (0K), 0 survivors (0K)
 Metaspace       used 34841K, committed 35776K, reserved 1114112K
  class space    used 4578K, committed 4928K, reserved 1048576K
}

Dll operation events (12 events):
Event: 0.009 Loaded shared library C:\pleiades\2024-03\java\21\bin\java.dll
Event: 0.208 Loaded shared library C:\pleiades\2024-03\java\21\bin\zip.dll
Event: 0.213 Loaded shared library C:\pleiades\2024-03\java\21\bin\instrument.dll
Event: 0.219 Loaded shared library C:\pleiades\2024-03\java\21\bin\net.dll
Event: 0.220 Loaded shared library C:\pleiades\2024-03\java\21\bin\nio.dll
Event: 0.224 Loaded shared library C:\pleiades\2024-03\java\21\bin\zip.dll
Event: 0.329 Loaded shared library C:\pleiades\2024-03\java\21\bin\jimage.dll
Event: 0.370 Loaded shared library C:\pleiades\2024-03\java\21\bin\management.dll
Event: 0.378 Loaded shared library C:\pleiades\2024-03\java\21\bin\management_ext.dll
Event: 0.529 Loaded shared library C:\pleiades\2024-03\java\21\bin\verify.dll
Event: 0.607 Loaded shared library C:\pleiades\2024-03\java\21\bin\extnet.dll
Event: 1.482 Loaded shared library C:\pleiades\2024-03\java\21\bin\sunmscapi.dll

Deoptimization events (20 events):
Event: 287.070 Thread 0x000001c964d9c190 DEOPT PACKING pc=0x000001c916015bdc sp=0x00000041502f9b40
Event: 287.070 Thread 0x000001c964d9c190 DEOPT UNPACKING pc=0x000001c9158888e2 sp=0x00000041502f9078 mode 1
Event: 287.070 Thread 0x000001c964d9c190 DEOPT PACKING pc=0x000001c916016b64 sp=0x00000041502f9c30
Event: 287.070 Thread 0x000001c964d9c190 DEOPT UNPACKING pc=0x000001c9158888e2 sp=0x00000041502f91e0 mode 1
Event: 287.070 Thread 0x000001c964d9c190 DEOPT PACKING pc=0x000001c916019214 sp=0x00000041502f9da0
Event: 287.070 Thread 0x000001c964d9c190 DEOPT UNPACKING pc=0x000001c9158888e2 sp=0x00000041502f9360 mode 1
Event: 287.070 Thread 0x000001c964d9c190 DEOPT PACKING pc=0x000001c916015bdc sp=0x00000041502f9b40
Event: 287.070 Thread 0x000001c964d9c190 DEOPT UNPACKING pc=0x000001c9158888e2 sp=0x00000041502f9078 mode 1
Event: 287.070 Thread 0x000001c964d9c190 DEOPT PACKING pc=0x000001c916016b64 sp=0x00000041502f9c30
Event: 287.070 Thread 0x000001c964d9c190 DEOPT UNPACKING pc=0x000001c9158888e2 sp=0x00000041502f91e0 mode 1
Event: 287.070 Thread 0x000001c964d9c190 DEOPT PACKING pc=0x000001c916019214 sp=0x00000041502f9da0
Event: 287.070 Thread 0x000001c964d9c190 DEOPT UNPACKING pc=0x000001c9158888e2 sp=0x00000041502f9360 mode 1
Event: 287.070 Thread 0x000001c964d9c190 DEOPT PACKING pc=0x000001c916015bdc sp=0x00000041502fcd20
Event: 287.070 Thread 0x000001c964d9c190 DEOPT UNPACKING pc=0x000001c9158888e2 sp=0x00000041502fc258 mode 1
Event: 287.070 Thread 0x000001c964d9c190 DEOPT PACKING pc=0x000001c916016b64 sp=0x00000041502fce10
Event: 287.070 Thread 0x000001c964d9c190 DEOPT UNPACKING pc=0x000001c9158888e2 sp=0x00000041502fc3c0 mode 1
Event: 287.070 Thread 0x000001c964d9c190 DEOPT PACKING pc=0x000001c916019214 sp=0x00000041502fcf80
Event: 287.070 Thread 0x000001c964d9c190 DEOPT UNPACKING pc=0x000001c9158888e2 sp=0x00000041502fc540 mode 1
Event: 302.852 Thread 0x000001c964d9c190 DEOPT PACKING pc=0x000001c915bf2134 sp=0x00000041502fdc50
Event: 302.852 Thread 0x000001c964d9c190 DEOPT UNPACKING pc=0x000001c9158888e2 sp=0x00000041502fd108 mode 0

Classes loaded (20 events):
Event: 284.124 Loading class sun/net/spi/DefaultProxySelector$1
Event: 284.124 Loading class sun/net/spi/DefaultProxySelector$1 done
Event: 284.124 Loading class sun/net/spi/DefaultProxySelector$NonProxyInfo
Event: 284.124 Loading class sun/net/spi/DefaultProxySelector$NonProxyInfo done
Event: 284.124 Loading class sun/net/spi/DefaultProxySelector$3
Event: 284.124 Loading class sun/net/spi/DefaultProxySelector$3 done
Event: 284.125 Loading class java/util/concurrent/locks/AbstractQueuedSynchronizer$SharedNode
Event: 284.125 Loading class java/util/concurrent/locks/AbstractQueuedSynchronizer$SharedNode done
Event: 284.138 Loading class java/util/WeakHashMap$KeyIterator
Event: 284.138 Loading class java/util/WeakHashMap$HashIterator
Event: 284.138 Loading class java/util/WeakHashMap$HashIterator done
Event: 284.138 Loading class java/util/WeakHashMap$KeyIterator done
Event: 284.159 Loading class java/lang/ref/Finalizer$2
Event: 284.159 Loading class java/lang/ref/Finalizer$2 done
Event: 284.160 Loading class java/lang/ref/Finalizer$1
Event: 284.160 Loading class java/lang/ref/Finalizer$1 done
Event: 284.395 Loading class java/util/WeakHashMap$EntrySet
Event: 284.395 Loading class java/util/WeakHashMap$EntrySet done
Event: 284.395 Loading class java/util/WeakHashMap$EntryIterator
Event: 284.395 Loading class java/util/WeakHashMap$EntryIterator done

Classes unloaded (20 events):
Event: 286.005 Thread 0x000001c91d9f42a0 Unloading class 0x000001c91f0c0800 'java/lang/invoke/LambdaForm$MH+0x000001c91f0c0800'
Event: 286.005 Thread 0x000001c91d9f42a0 Unloading class 0x000001c91f0c0400 'java/lang/invoke/LambdaForm$DMH+0x000001c91f0c0400'
Event: 286.005 Thread 0x000001c91d9f42a0 Unloading class 0x000001c91f0c0000 'java/lang/invoke/LambdaForm$DMH+0x000001c91f0c0000'
Event: 286.005 Thread 0x000001c91d9f42a0 Unloading class 0x000001c91f00b800 'java/lang/invoke/LambdaForm$MH+0x000001c91f00b800'
Event: 286.005 Thread 0x000001c91d9f42a0 Unloading class 0x000001c91f00ac00 'java/lang/invoke/LambdaForm$MH+0x000001c91f00ac00'
Event: 286.005 Thread 0x000001c91d9f42a0 Unloading class 0x000001c91f00a800 'java/lang/invoke/LambdaForm$MH+0x000001c91f00a800'
Event: 286.005 Thread 0x000001c91d9f42a0 Unloading class 0x000001c91f00a400 'java/lang/invoke/LambdaForm$MH+0x000001c91f00a400'
Event: 286.005 Thread 0x000001c91d9f42a0 Unloading class 0x000001c91f009c00 'java/lang/invoke/LambdaForm$MH+0x000001c91f009c00'
Event: 286.005 Thread 0x000001c91d9f42a0 Unloading class 0x000001c91f009000 'java/lang/invoke/LambdaForm$MH+0x000001c91f009000'
Event: 286.005 Thread 0x000001c91d9f42a0 Unloading class 0x000001c91f008000 'java/lang/invoke/LambdaForm$MH+0x000001c91f008000'
Event: 286.005 Thread 0x000001c91d9f42a0 Unloading class 0x000001c91f007c00 'java/lang/invoke/LambdaForm$MH+0x000001c91f007c00'
Event: 286.005 Thread 0x000001c91d9f42a0 Unloading class 0x000001c91f007400 'java/lang/invoke/LambdaForm$MH+0x000001c91f007400'
Event: 286.005 Thread 0x000001c91d9f42a0 Unloading class 0x000001c91f006c00 'java/lang/invoke/LambdaForm$MH+0x000001c91f006c00'
Event: 286.005 Thread 0x000001c91d9f42a0 Unloading class 0x000001c91f006400 'java/lang/invoke/LambdaForm$MH+0x000001c91f006400'
Event: 286.005 Thread 0x000001c91d9f42a0 Unloading class 0x000001c91f005c00 'java/lang/invoke/LambdaForm$MH+0x000001c91f005c00'
Event: 286.005 Thread 0x000001c91d9f42a0 Unloading class 0x000001c91f005400 'java/lang/invoke/LambdaForm$MH+0x000001c91f005400'
Event: 286.005 Thread 0x000001c91d9f42a0 Unloading class 0x000001c91f004000 'java/lang/invoke/LambdaForm$MH+0x000001c91f004000'
Event: 286.005 Thread 0x000001c91d9f42a0 Unloading class 0x000001c91f003c00 'java/lang/invoke/LambdaForm$MH+0x000001c91f003c00'
Event: 286.005 Thread 0x000001c91d9f42a0 Unloading class 0x000001c91f003800 'java/lang/invoke/LambdaForm$MH+0x000001c91f003800'
Event: 286.005 Thread 0x000001c91d9f42a0 Unloading class 0x000001c91f003400 'java/lang/invoke/LambdaForm$MH+0x000001c91f003400'

Classes redefined (1 events):
Event: 302.866 Thread 0x000001c91d9f42a0 redefined class name=com.example.demo.web.JqueryController, count=1

Internal exceptions (20 events):
Event: 2.624 Thread 0x000001c963aaab40 Exception <a 'java/lang/NoSuchMethodError'{0x000000008a07a6d0}: 'void java.lang.invoke.DirectMethodHandle$Holder.invokeVirtual(java.lang.Object, java.lang.Object, long)'> (0x000000008a07a6d0) 
thrown [s\src\hotspot\share\interpreter\linkResolver.cpp, line 773]
Event: 2.668 Thread 0x000001c963aaab40 Exception <a 'java/lang/NoSuchMethodError'{0x000000008973a588}: 'int java.lang.invoke.DirectMethodHandle$Holder.invokeStaticInit(java.lang.Object, java.lang.Object, java.lang.Object, java.lang.Object)'> (0x000000008973a588) 
thrown [s\src\hotspot\share\interpreter\linkResolver.cpp, line 773]
Event: 2.781 Thread 0x000001c963aaab40 Exception <a 'java/lang/NoSuchMethodError'{0x0000000088f40450}: 'java.lang.Object java.lang.invoke.DirectMethodHandle$Holder.newInvokeSpecial(java.lang.Object, java.lang.Object, int, java.lang.Object, java.lang.Object)'> (0x0000000088f40450) 
thrown [s\src\hotspot\share\interpreter\linkResolver.cpp, line 773]
Event: 5.981 Thread 0x000001c963c12750 Exception <a 'java/lang/NoSuchMethodError'{0x0000000088762120}: 'java.lang.Object java.lang.invoke.DirectMethodHandle$Holder.invokeSpecial(java.lang.Object, java.lang.Object, java.lang.Object, java.lang.Object, java.lang.Object, long)'> (0x0000000088762120) 
thrown [s\src\hotspot\share\interpreter\linkResolver.cpp, line 773]
Event: 5.981 Thread 0x000001c963c12750 Exception <a 'java/lang/NoSuchMethodError'{0x00000000887658e0}: 'java.lang.Object java.lang.invoke.Invokers$Holder.linkToTargetMethod(java.lang.Object, java.lang.Object, java.lang.Object, long, java.lang.Object)'> (0x00000000887658e0) 
thrown [s\src\hotspot\share\interpreter\linkResolver.cpp, line 773]
Event: 130.804 Thread 0x000001c964d9ade0 Exception <a 'java/lang/NoSuchMethodError'{0x000000008871fb08}: 'java.lang.Object java.lang.invoke.DirectMethodHandle$Holder.invokeStatic(java.lang.Object, int, int)'> (0x000000008871fb08) 
thrown [s\src\hotspot\share\interpreter\linkResolver.cpp, line 773]
Event: 284.129 Thread 0x000001c964d9a750 Exception <a 'java/lang/NoSuchMethodError'{0x00000000884ceb60}: 'void java.lang.invoke.DirectMethodHandle$Holder.invokeInterface(java.lang.Object, java.lang.Object)'> (0x00000000884ceb60) 
thrown [s\src\hotspot\share\interpreter\linkResolver.cpp, line 773]
Event: 284.139 Thread 0x000001c963c10680 Exception <a 'java/lang/InterruptedException'{0x0000000088337628}: sleep interrupted> (0x0000000088337628) 
thrown [s\src\hotspot\share\prims\jvm.cpp, line 3074]
Event: 284.179 Thread 0x000001c964d9d540 Exception <a 'sun/nio/fs/WindowsException'{0x000000008df6f328}> (0x000000008df6f328) 
thrown [s\src\hotspot\share\prims\jni.cpp, line 520]
Event: 284.401 Thread 0x000001c964d9d540 Exception <a 'java/lang/NoClassDefFoundError'{0x0000000089153de0}: org/flywaydb/core/Flyway> (0x0000000089153de0) 
thrown [s\src\hotspot\share\oops\constantPool.cpp, line 871]
Event: 284.402 Thread 0x000001c964d9d540 Exception <a 'java/lang/NoClassDefFoundError'{0x0000000089154440}: liquibase/integration/spring/SpringLiquibase> (0x0000000089154440) 
thrown [s\src\hotspot\share\oops\constantPool.cpp, line 871]
Event: 284.451 Thread 0x000001c964d9d540 Exception <a 'java/io/FileNotFoundException'{0x0000000088dbda78}> (0x0000000088dbda78) 
thrown [s\src\hotspot\share\prims\jni.cpp, line 520]
Event: 284.461 Thread 0x000001c964d9d540 Exception <a 'java/io/FileNotFoundException'{0x0000000088cb2068}> (0x0000000088cb2068) 
thrown [s\src\hotspot\share\prims\jni.cpp, line 520]
Event: 285.995 Thread 0x000001c964d9fca0 Exception <a 'java/lang/InterruptedException'{0x0000000088425758}: sleep interrupted> (0x0000000088425758) 
thrown [s\src\hotspot\share\prims\jvm.cpp, line 3074]
Event: 286.049 Thread 0x000001c964d9c190 Exception <a 'sun/nio/fs/WindowsException'{0x0000000089b6d9b0}> (0x0000000089b6d9b0) 
thrown [s\src\hotspot\share\prims\jni.cpp, line 520]
Event: 286.280 Thread 0x000001c964d9c190 Exception <a 'java/lang/NoClassDefFoundError'{0x0000000088ba0ce0}: org/flywaydb/core/Flyway> (0x0000000088ba0ce0) 
thrown [s\src\hotspot\share\oops\constantPool.cpp, line 871]
Event: 287.007 Thread 0x000001c964d9c190 Exception <a 'java/lang/NoClassDefFoundError'{0x0000000088ba1340}: liquibase/integration/spring/SpringLiquibase> (0x0000000088ba1340) 
thrown [s\src\hotspot\share\oops\constantPool.cpp, line 871]
Event: 287.057 Thread 0x000001c964d9c190 Exception <a 'java/io/FileNotFoundException'{0x0000000088602988}> (0x0000000088602988) 
thrown [s\src\hotspot\share\prims\jni.cpp, line 520]
Event: 287.068 Thread 0x000001c964d9c190 Exception <a 'java/io/FileNotFoundException'{0x00000000886e5d38}> (0x00000000886e5d38) 
thrown [s\src\hotspot\share\prims\jni.cpp, line 520]
Event: 301.028 Thread 0x000001c963be4b20 Exception <a 'java/lang/NoSuchMethodError'{0x0000000088576b00}: static [B.<clinit>()V> (0x0000000088576b00) 
thrown [s\src\hotspot\share\prims\jni.cpp, line 1106]

ZGC Phase Switch (0 events):
No events

VM Operations (20 events):
Event: 287.291 Executing VM operation: get/set locals
Event: 287.291 Executing VM operation: get/set locals done
Event: 287.291 Executing VM operation: get/set locals
Event: 287.291 Executing VM operation: get/set locals done
Event: 287.292 Executing VM operation: get/set locals
Event: 287.292 Executing VM operation: get/set locals done
Event: 287.293 Executing VM operation: get/set locals
Event: 287.293 Executing VM operation: get/set locals done
Event: 300.712 Executing VM operation: HandshakeAllThreads (HandshakeForDeflation)
Event: 300.712 Executing VM operation: HandshakeAllThreads (HandshakeForDeflation) done
Event: 300.712 Executing VM operation: RendezvousGCThreads
Event: 300.712 Executing VM operation: RendezvousGCThreads done
Event: 302.852 Executing VM operation: ChangeSingleStep
Event: 302.852 Executing VM operation: ChangeSingleStep done
Event: 302.852 Executing VM operation: ChangeSingleStep
Event: 302.852 Executing VM operation: ChangeSingleStep done
Event: 302.862 Executing VM operation: RedefineClasses
Event: 302.875 Executing VM operation: RedefineClasses done
Event: 302.878 Executing VM operation: ChangeSingleStep
Event: 302.878 Executing VM operation: ChangeSingleStep done

Events (20 events):
Event: 286.015 Thread 0x000001c91d9f42a0 flushing nmethod 0x000001c916125290
Event: 286.015 Thread 0x000001c91d9f42a0 flushing nmethod 0x000001c916057490
Event: 286.015 Thread 0x000001c91d9f42a0 flushing nmethod 0x000001c915ee7010
Event: 286.015 Thread 0x000001c91d9f42a0 flushing nmethod 0x000001c915e56510
Event: 286.015 Thread 0x000001c91d9f42a0 flushing nmethod 0x000001c915e57090
Event: 286.015 Thread 0x000001c91d9f42a0 flushing nmethod 0x000001c915c09f10
Event: 286.015 Thread 0x000001c91d9f42a0 flushing nmethod 0x000001c915b86590
Event: 286.015 Thread 0x000001c91d9f42a0 flushing nmethod 0x000001c915b19710
Event: 286.031 Thread 0x000001c964d9ef80 Thread exited: 0x000001c964d9ef80
Event: 286.031 Thread 0x000001c964d9d540 Thread added: 0x000001c964d9d540
Event: 286.031 Thread 0x000001c964d9d540 Thread exited: 0x000001c964d9d540
Event: 286.031 Thread 0x000001c964d9c190 Thread added: 0x000001c964d9c190
Event: 286.094 Thread 0x000001c964d9c820 Thread added: 0x000001c964d9c820
Event: 286.131 Thread 0x000001c964d9c820 Thread exited: 0x000001c964d9c820
Event: 287.009 Thread 0x000001c964494db0 Thread exited: 0x000001c964494db0
Event: 287.011 Thread 0x000001c963b24280 Thread exited: 0x000001c963b24280
Event: 287.068 Thread 0x000001c964d9b470 Thread added: 0x000001c964d9b470
Event: 287.068 Thread 0x000001c964da0330 Thread added: 0x000001c964da0330
Event: 287.069 Thread 0x000001c964d9d540 Thread added: 0x000001c964d9d540
Event: 292.081 Thread 0x000001c963b23bd0 Thread exited: 0x000001c963b23bd0


Dynamic libraries:
0x00007ff734760000 - 0x00007ff73476e000 	C:\pleiades\2024-03\java\21\bin\javaw.exe
0x00007ffbd2a90000 - 0x00007ffbd2ca7000 	C:\WINDOWS\SYSTEM32\ntdll.dll
0x00007ffbd1160000 - 0x00007ffbd1224000 	C:\WINDOWS\System32\KERNEL32.DLL
0x00007ffbcff50000 - 0x00007ffbd02fd000 	C:\WINDOWS\System32\KERNELBASE.dll
0x00007ffbd0610000 - 0x00007ffbd0721000 	C:\WINDOWS\System32\ucrtbase.dll
0x00007ffb73160000 - 0x00007ffb73178000 	C:\pleiades\2024-03\java\21\bin\jli.dll
0x00007ffb9af80000 - 0x00007ffb9af9b000 	C:\pleiades\2024-03\java\21\bin\VCRUNTIME140.dll
0x00007ffbd0a40000 - 0x00007ffbd0bee000 	C:\WINDOWS\System32\USER32.dll
0x00007ffbaf490000 - 0x00007ffbaf723000 	C:\WINDOWS\WinSxS\amd64_microsoft.windows.common-controls_6595b64144ccf1df_6.0.22621.3672_none_2713b9d173822955\COMCTL32.dll
0x00007ffbd0730000 - 0x00007ffbd0756000 	C:\WINDOWS\System32\win32u.dll
0x00007ffbd1230000 - 0x00007ffbd12d7000 	C:\WINDOWS\System32\msvcrt.dll
0x00007ffbd0d70000 - 0x00007ffbd0d99000 	C:\WINDOWS\System32\GDI32.dll
0x00007ffbd0300000 - 0x00007ffbd0419000 	C:\WINDOWS\System32\gdi32full.dll
0x00007ffbcfeb0000 - 0x00007ffbcff4a000 	C:\WINDOWS\System32\msvcp_win.dll
0x00007ffbd07e0000 - 0x00007ffbd0811000 	C:\WINDOWS\System32\IMM32.DLL
0x00007ffb9af70000 - 0x00007ffb9af7c000 	C:\pleiades\2024-03\java\21\bin\vcruntime140_1.dll
0x00007ffb9a110000 - 0x00007ffb9a19e000 	C:\pleiades\2024-03\java\21\bin\msvcp140.dll
0x00007ffb731a0000 - 0x00007ffb73f23000 	C:\pleiades\2024-03\java\21\bin\server\jvm.dll
0x00007ffbd0f80000 - 0x00007ffbd1032000 	C:\WINDOWS\System32\ADVAPI32.dll
0x00007ffbd0bf0000 - 0x00007ffbd0c99000 	C:\WINDOWS\System32\sechost.dll
0x00007ffbcfdc0000 - 0x00007ffbcfde8000 	C:\WINDOWS\System32\bcrypt.dll
0x00007ffbd1040000 - 0x00007ffbd1154000 	C:\WINDOWS\System32\RPCRT4.dll
0x00007ffbd1620000 - 0x00007ffbd1691000 	C:\WINDOWS\System32\WS2_32.dll
0x00007ffbcfc80000 - 0x00007ffbcfccd000 	C:\WINDOWS\SYSTEM32\POWRPROF.dll
0x00007ffbcaa50000 - 0x00007ffbcaa84000 	C:\WINDOWS\SYSTEM32\WINMM.dll
0x00007ffbc5e60000 - 0x00007ffbc5e6a000 	C:\WINDOWS\SYSTEM32\VERSION.dll
0x00007ffbcfc60000 - 0x00007ffbcfc73000 	C:\WINDOWS\SYSTEM32\UMPDC.dll
0x00007ffbcedf0000 - 0x00007ffbcee08000 	C:\WINDOWS\SYSTEM32\kernel.appcore.dll
0x00007ffb73190000 - 0x00007ffb7319a000 	C:\pleiades\2024-03\java\21\bin\jimage.dll
0x00007ffbc9f10000 - 0x00007ffbca142000 	C:\WINDOWS\SYSTEM32\DBGHELP.DLL
0x00007ffbd1780000 - 0x00007ffbd1b08000 	C:\WINDOWS\System32\combase.dll
0x00007ffbd16a0000 - 0x00007ffbd1777000 	C:\WINDOWS\System32\OLEAUT32.dll
0x00007ffbb0210000 - 0x00007ffbb0242000 	C:\WINDOWS\SYSTEM32\dbgcore.DLL
0x00007ffbd0420000 - 0x00007ffbd049b000 	C:\WINDOWS\System32\bcryptPrimitives.dll
0x00007ffbcaae0000 - 0x00007ffbcab1c000 	C:\pleiades\2024-03\java\21\bin\jdwp.dll
0x00007ffb73180000 - 0x00007ffb7318f000 	C:\pleiades\2024-03\java\21\bin\instrument.dll
0x00007ffb73140000 - 0x00007ffb7315f000 	C:\pleiades\2024-03\java\21\bin\java.dll
0x00007ffbd1c10000 - 0x00007ffbd246f000 	C:\WINDOWS\System32\SHELL32.dll
0x00007ffbcdd10000 - 0x00007ffbce60c000 	C:\WINDOWS\SYSTEM32\windows.storage.dll
0x00007ffbcdbd0000 - 0x00007ffbcdd0f000 	C:\WINDOWS\SYSTEM32\wintypes.dll
0x00007ffbd1520000 - 0x00007ffbd1614000 	C:\WINDOWS\System32\SHCORE.dll
0x00007ffbd14c0000 - 0x00007ffbd151e000 	C:\WINDOWS\System32\shlwapi.dll
0x00007ffbcfcf0000 - 0x00007ffbcfd11000 	C:\WINDOWS\SYSTEM32\profapi.dll
0x00007ffbcb6f0000 - 0x00007ffbcb6fc000 	C:\pleiades\2024-03\java\21\bin\dt_socket.dll
0x00007ffbce870000 - 0x00007ffbce89d000 	C:\WINDOWS\SYSTEM32\IPHLPAPI.DLL
0x00007ffbcf260000 - 0x00007ffbcf2c9000 	C:\WINDOWS\system32\mswsock.dll
0x00007ffbce8e0000 - 0x00007ffbce9d8000 	C:\WINDOWS\SYSTEM32\DNSAPI.dll
0x00007ffbd07d0000 - 0x00007ffbd07d9000 	C:\WINDOWS\System32\NSI.dll
0x00007ffbc6b00000 - 0x00007ffbc6b0a000 	C:\Windows\System32\rasadhlp.dll
0x00007ffbc9cd0000 - 0x00007ffbc9d53000 	C:\WINDOWS\System32\fwpuclnt.dll
0x00007ffb73050000 - 0x00007ffb73068000 	C:\pleiades\2024-03\java\21\bin\zip.dll
0x00007ffb72970000 - 0x00007ffb72980000 	C:\pleiades\2024-03\java\21\bin\net.dll
0x00007ffbcb910000 - 0x00007ffbcba46000 	C:\WINDOWS\SYSTEM32\WINHTTP.dll
0x00007ffb72950000 - 0x00007ffb72966000 	C:\pleiades\2024-03\java\21\bin\nio.dll
0x00007ffbcd000000 - 0x00007ffbcd00a000 	C:\pleiades\2024-03\java\21\bin\management.dll
0x00007ffbccff0000 - 0x00007ffbccffb000 	C:\pleiades\2024-03\java\21\bin\management_ext.dll
0x00007ffbd1b10000 - 0x00007ffbd1b18000 	C:\WINDOWS\System32\PSAPI.DLL
0x00007ffbae270000 - 0x00007ffbae287000 	C:\WINDOWS\system32\napinsp.dll
0x00007ffbae250000 - 0x00007ffbae26b000 	C:\WINDOWS\system32\pnrpnsp.dll
0x00007ffbae230000 - 0x00007ffbae241000 	C:\WINDOWS\System32\winrnr.dll
0x00007ffbca330000 - 0x00007ffbca345000 	C:\WINDOWS\system32\wshbth.dll
0x00007ffbadd70000 - 0x00007ffbadd97000 	C:\WINDOWS\system32\nlansp_c.dll
0x00007ffbcd010000 - 0x00007ffbcd020000 	C:\pleiades\2024-03\java\21\bin\verify.dll
0x00007ffbcf4c0000 - 0x00007ffbcf4db000 	C:\WINDOWS\SYSTEM32\CRYPTSP.dll
0x00007ffbced50000 - 0x00007ffbced85000 	C:\WINDOWS\system32\rsaenh.dll
0x00007ffbcf360000 - 0x00007ffbcf388000 	C:\WINDOWS\SYSTEM32\USERENV.dll
0x00007ffbcf4e0000 - 0x00007ffbcf4ec000 	C:\WINDOWS\SYSTEM32\CRYPTBASE.dll
0x00007ffb9af60000 - 0x00007ffb9af69000 	C:\pleiades\2024-03\java\21\bin\extnet.dll
0x00007ffbc7880000 - 0x00007ffbc788e000 	C:\pleiades\2024-03\java\21\bin\sunmscapi.dll
0x00007ffbd04a0000 - 0x00007ffbd0607000 	C:\WINDOWS\System32\CRYPT32.dll
0x00007ffbcf680000 - 0x00007ffbcf6ae000 	C:\WINDOWS\SYSTEM32\ncrypt.dll
0x00007ffbcf640000 - 0x00007ffbcf677000 	C:\WINDOWS\SYSTEM32\NTASN1.dll
0x00007ffb999b0000 - 0x00007ffb999b8000 	C:\WINDOWS\system32\wshunix.dll

dbghelp: loaded successfully - version: 4.0.5 - missing functions: none
symbol engine: initialized successfully - sym options: 0x614 - pdb path: .;C:\pleiades\2024-03\java\21\bin;C:\WINDOWS\SYSTEM32;C:\WINDOWS\WinSxS\amd64_microsoft.windows.common-controls_6595b64144ccf1df_6.0.22621.3672_none_2713b9d173822955;C:\pleiades\2024-03\java\21\bin\server

VM Arguments:
jvm_args: -Dfile.encoding=UTF-8 -Dsun.jnu.encoding=UTF-8 -XX:+ShowCodeDetailsInExceptionMessages -agentlib:jdwp=transport=dt_socket,suspend=y,address=localhost:50533 -Dcom.sun.management.jmxremote -Dcom.sun.management.jmxremote.port=50532 -Dcom.sun.management.jmxremote.authenticate=false -Dcom.sun.management.jmxremote.ssl=false -Djava.rmi.server.hostname=localhost -Dspring.jmx.enabled=true -Dmanagement.endpoints.jmx.exposure.include=* -Dspring.application.admin.enabled=true -XX:TieredStopAtLevel=1 -Dspring.boot.project.name=WorkUp-1 -javaagent:C:\pleiades\2024-03\eclipse\configuration\org.eclipse.osgi\251\0\.cp\lib\javaagent-shaded.jar -Dfile.encoding=UTF-8 -Dstdout.encoding=UTF-8 -Dstderr.encoding=UTF-8 
java_command: com.example.demo.WorkUp1Application --spring.output.ansi.enabled=always
java_class_path (initial): C:\pleiades\2024-03\workspace\WorkUp-1\bin\main;C:\Users\R\.gradle\caches\modules-2\files-2.1\org.projectlombok\lombok\1.18.32\17d46b3e205515e1e8efd3ee4d57ce8018914163\lombok-1.18.32.jar;C:\Users\R\.gradle\caches\modules-2\files-2.1\org.springframework.boot\spring-boot-starter-thymeleaf\3.2.7\d669f1ea281fe7a9bf311c1afa29a66a5a5c2d3c\spring-boot-starter-thymeleaf-3.2.7.jar;C:\Users\R\.gradle\caches\modules-2\files-2.1\org.springframework.boot\spring-boot-starter-web\3.2.7\d8d60d4399c257ca865860efbf98734e7c3c8816\spring-boot-starter-web-3.2.7.jar;C:\Users\R\.gradle\caches\modules-2\files-2.1\org.springframework.boot\spring-boot-starter-json\3.2.7\821ef9769310f010826435911d9e9e8cf75d2e37\spring-boot-starter-json-3.2.7.jar;C:\Users\R\.gradle\caches\modules-2\files-2.1\org.springframework.boot\spring-boot-starter\3.2.7\b3e32726d22c7d5a8853b144e689334e6a51faae\spring-boot-starter-3.2.7.jar;C:\Users\R\.gradle\caches\modules-2\files-2.1\org.thymeleaf\thymeleaf-spring6\3.1.2.RELEASE\6030c7b4e260c41336f378e53da6e8531263f24b\thymeleaf-spring6-3.1.2.RELEASE.jar;C:\Users\R\.gradle\caches\modules-2\files-2.1\org.springframework.boot\spring-boot-starter-tomcat\3.2.7\104e8c4a66e7d5821553d6a1059e19e117ce8ce9\spring-boot-starter-tomcat-3.2.7.jar;C:\Users\R\.gradle\caches\modules-2\files-2.1\org.springframework\spring-webmvc\6.1.10\476344c2f21ab070bc72108375d9355f2ec0ddd1\spring-webmvc-6.1.10.jar;C:\Users\R\.gradle\caches\modules-2\files-2.1\org.springframework\spring-web\6.1.10\876a856af61ef5712fb9a3013b798aa2b4a9475e\spring-web-6.1.10.jar;C:\Users\R\.gradle\caches\modules-2\files-2.1\org.springframework.boot\spring-boot-autoconfigure\3.2.7\97c0c7b286163b21d4069dbb8d2a62e4a7a97d44\spring-boot-autoconfigure-3.2.7.jar;C:\Users\R\.gradle\caches\modules-2\files-2.1\org.springframework.boot\spring-boot\3.2.7\87bb7600797e4f686b9c8c644c7b47aaa084207d\spring-boot-3.2.7.jar;C:\Users\R\.gradle\caches\modules-2\files-2.1\org.springframework.boot\spring-boot-starter-logging\3.2.7\f681a916a6a2a1390faca0e4dec5fa983a468e92\spring-boot-starter-logging-3.2.7.jar;C:\Users\R\.gradle\caches\modules-2\files-2.1\jakarta.annotation\jakarta.annotation-api\2.1.1\48b9bda22b091b1f48b13af03fe36db3be6e1ae3\jakarta.annotation-api-2.1.1.jar;C:\Users\R\.gradle\caches\modules-2\files-2.1\org.springframework\spring-context\6.1.10\6f869ea35a26028f3bfbfb52c72ef2b077fbb6e5\spring-context-6.1.10.jar;C:\Users\R\.gradle\caches\modules-2\files-2.1\org.springframework\spring-aop\6.1.10\aa6a147eb08820fb503a992a8fe2c9fee3439129\spring-aop-6.1.10.jar;C:\Users\R\.gradle\caches\modules-2\files-2.1\org.springframework\spring-beans\6.1.10\a49252929fb2918f73eb7659ef98dff7306a7c2c\spring-beans-6.1.10.jar;C:\Users\R\.gradle\caches\modules-2\files-2.1\org.springframework\spring-expression\6.1.10\a17d61f1388d0e13d6e7a740304e9d648fffc7c\spring-expression-6.1.10.jar;C:\Users\R\.gradle\caches\modules-2\files-2.1\org.springframework\spring-core\6.1.10\eaf5b1f3e3bb5aa8b45ab255cf3270c1c4578f1d\spring-core-6.1.10.jar;C:\Users\R\.gradle\caches\modules-2\files-2.1\org.yaml\snakeyaml\2.2\3af797a25458550a16bf89acc8e4ab2b7f2bfce0\snakeyaml-2.2.jar;C:\Users\R\.gradle\caches\modules-2\files-2.1\org.thymeleaf\thymeleaf\3.1.2.RELEASE\273997509a4c7aef86cee0521750140c587d9be2\thymeleaf-3.1.2.RELEASE.jar;C:\Users\R\.gradle\caches\modules-2\files-2.1\ch.qos.logback\logback-classic\1.4.14\d98bc162275134cdf1518774da4a2a17ef6fb94d\logback-classic-1.4.14.jar;C:\Users\R\.gradle\caches\modules-2\files-2.1\org.apache.logging.log4j\log4j-to-slf4j\2.21.1\d77b2ba81711ed596cd797cc2b5b5bd7409d841c\log4j-to-slf4j-2.21.1.jar;C:\Users\R\.gradle\caches\modules-2\files-2.1\org.slf4j\jul-to-slf4j\2.0.13\a3bcd9d9dd50c71ce69f06b1fd05e40fdeff6ba5\jul-to-slf4j-2.0.13.jar;C:\Users\R\.gradle\caches\modules-2\files-2.1\org.slf4j\slf4j-api\2.0.13\80229737f704b121a318bba5d5deacbcf395bc77\slf4j-api-2.0.13.jar;C:\Users\R\.gradle\caches\modules-2\files-2.1\com.fasterxml.jackson.datatype\jackson-datatype-jsr310\2.15.4\7de629770a4559db57128d35ccae7d2fddd35db3\jackson-datatype-jsr310-2.15.4.jar;C:\Users\R\.gradle\caches\modules-2\files-2.1\com.fasterxml.jackson.module\jackson-module-parameter-names\2.15.4\e654497a08359db2521b69b5f710e00836915d8c\jackson-module-parameter-names-2.15.4.jar;C:\Users\R\.gradle\caches\modules-2\files-2.1\com.fasterxml.jackson.core\jackson-annotations\2.15.4\5223ea5a9bf52cdc9c5e537a0e52f2432eaf208b\jackson-annotations-2.15.4.jar;C:\Users\R\.gradle\caches\modules-2\files-2.1\com.fasterxml.jackson.core\jackson-core\2.15.4\aebe84b45360debad94f692a4074c6aceb535fa0\jackson-core-2.15.4.jar;C:\Users\R\.gradle\caches\modules-2\files-2.1\com.fasterxml.jackson.datatype\jackson-datatype-jdk8\2.15.4\694777f182334a21bf1aeab1b04cc4398c801f3f\jackson-datatype-jdk8-2.15.4.jar;C:\Users\R\.gradle\caches\modules-2\files-2.1\com.fasterxml.jackson.core\jackson-databind\2.15.4\560309fc381f77d4d15c4a4cdaa0db5025c4fd13\jackson-databind-2.15.4.jar;C:\Users\R\.gradle\caches\modules-2\files-2.1\org.apache.tomcat.embed\tomcat-embed-websocket\10.1.25\efd7848a9677e9a7cf8367b43213805eca70805\tomcat-embed-websocket-10.1.25.jar;C:\Users\R\.gradle\caches\modules-2\files-2.1\org.apache.tomcat.embed\tomcat-embed-core\10.1.25\c1e5ee12f537e6b4fea2b98a7160dcf0db610561\tomcat-embed-core-10.1.25.jar;C:\Users\R\.gradle\caches\modules-2\files-2.1\org.apache.tomcat.embed\tomcat-embed-el\10.1.25\2f030e4971e29245c10e58723fb6b364ce23933b\tomcat-embed-el-10.1.25.jar;C:\Users\R\.gradle\caches\modules-2\files-2.1\io.micrometer\micrometer-observation\1.12.7\41cf5c9848d65c1559b9e78809fb22b7d85ba337\micrometer-observation-1.12.7.jar;C:\Users\R\.gradle\caches\modules-2\files-2.1\org.springframework\spring-jcl\6.1.10\c22c18cf6ed7d768676816347f020a6868663224\spring-jcl-6.1.10.jar;C:\Users\R\.gradle\caches\modules-2\files-2.1\org.attoparser\attoparser\2.0.7.RELEASE\e5d0e988d9124139d645bb5872b24dfa23e283cc\attoparser-2.0.7.RELEASE.jar;C:\Users\R\.gradle\caches\modules-2\files-2.1\org.unbescape\unbescape\1.1.6.RELEASE\7b90360afb2b860e09e8347112800d12c12b2a13\unbescape-1.1.6.RELEASE.jar;C:\Users\R\.gradle\caches\modules-2\files-2.1\io.micrometer\micrometer-commons\1.12.7\c35759a840f3e5a0ceda8fbf42874a0e6c730c45\micrometer-commons-1.12.7.jar;C:\Users\R\.gradle\caches\modules-2\files-2.1\ch.qos.logback\logback-core\1.4.14\4d3c2248219ac0effeb380ed4c5280a80bf395e8\logback-core-1.4.14.jar;C:\Users\R\.gradle\caches\modules-2\files-2.1\org.apache.logging.log4j\log4j-api\2.21.1\74c65e87b9ce1694a01524e192d7be989ba70486\log4j-api-2.21.1.jar;C:\Users\R\.gradle\caches\modules-2\files-2.1\org.springframework.boot\spring-boot-devtools\3.2.7\25d85cffefc1fb2d16eec9b81d1dab3325d6c95a\spring-boot-devtools-3.2.7.jar
Launcher Type: SUN_STANDARD

[Global flags]
     intx CICompilerCount                          = 4                                         {product} {ergonomic}
     uint ConcGCThreads                            = 2                                         {product} {ergonomic}
     uint G1ConcRefinementThreads                  = 8                                         {product} {ergonomic}
   size_t G1HeapRegionSize                         = 1048576                                   {product} {ergonomic}
    uintx GCDrainStackTargetSize                   = 64                                        {product} {ergonomic}
   size_t InitialHeapSize                          = 127926272                                 {product} {ergonomic}
     bool ManagementServer                         = true                                      {product} {command line}
   size_t MarkStackSize                            = 4194304                                   {product} {ergonomic}
   size_t MaxHeapSize                              = 2040528896                                {product} {ergonomic}
   size_t MaxNewSize                               = 1223688192                                {product} {ergonomic}
   size_t MinHeapDeltaBytes                        = 1048576                                   {product} {ergonomic}
   size_t MinHeapSize                              = 8388608                                   {product} {ergonomic}
    uintx NonNMethodCodeHeapSize                   = 4096                                   {pd product} {ergonomic}
    uintx NonProfiledCodeHeapSize                  = 0                                      {pd product} {ergonomic}
     bool ProfileInterpreter                       = false                                  {pd product} {command line}
    uintx ProfiledCodeHeapSize                     = 0                                      {pd product} {ergonomic}
     bool ShowCodeDetailsInExceptionMessages       = true                                   {manageable} {command line}
   size_t SoftMaxHeapSize                          = 2040528896                             {manageable} {ergonomic}
     intx TieredStopAtLevel                        = 1                                         {product} {command line}
     bool UseCompressedOops                        = true                           {product lp64_product} {ergonomic}
     bool UseG1GC                                  = true                                      {product} {ergonomic}
     bool UseLargePagesIndividualAllocation        = false                                  {pd product} {ergonomic}

Logging:
Log output configuration:
 #0: stdout all=warning uptime,level,tags foldmultilines=false
 #1: stderr all=off uptime,level,tags foldmultilines=false

Environment Variables:
JAVA_HOME=C:\Program Files\Java\jdk-21
JAVA_TOOL_OPTIONS=-Dfile.encoding=UTF-8 -Dsun.jnu.encoding=UTF-8
PATH=C:/pleiades/2024-03/java/21/bin/server;C:/pleiades/2024-03/java/21/bin;C:\Program Files\Java\jdk-21\bin;C:\Program Files\Common Files\Oracle\Java\javapath;C:\WINDOWS\system32;C:\WINDOWS;C:\WINDOWS\System32\Wbem;C:\WINDOWS\System32\WindowsPowerShell\v1.0\;C:\WINDOWS\System32\OpenSSH\;C:\Program Files\GitHub CLI\;C:\Program Files\Git\cmd;c:\Program Files\Mysql\mysql server 5.7\bin\;C:\Users\R\AppData\Local\Microsoft\WindowsApps;C:\Users\R\AppData\Local\Programs\Microsoft VS Code\bin;C:\tools\apache-maven-3.9.6\bin;;C:\pleiades\2024-03\eclipse;
USERNAME=R
OS=Windows_NT
PROCESSOR_IDENTIFIER=Intel64 Family 6 Model 126 Stepping 5, GenuineIntel
TMP=C:\Users\R\AppData\Local\Temp
TEMP=C:\Users\R\AppData\Local\Temp




Periodic native trim disabled

---------------  S Y S T E M  ---------------

OS:
 Windows 11 , 64 bit Build 22621 (10.0.22621.3672)
OS uptime: 0 days 14:12 hours

CPU: total 8 (initial active 8) (4 cores per cpu, 2 threads per core) family 6 model 126 stepping 5 microcode 0xbc, cx8, cmov, fxsr, ht, mmx, 3dnowpref, sse, sse2, sse3, ssse3, sse4.1, sse4.2, popcnt, lzcnt, tsc, tscinvbit, avx, avx2, aes, erms, clmul, bmi1, bmi2, adx, avx512f, avx512dq, avx512cd, avx512bw, avx512vl, sha, fma, vzeroupper, avx512_vpopcntdq, avx512_vpclmulqdq, avx512_vaes, avx512_vnni, clflush, clflushopt, avx512_vbmi2, avx512_vbmi, rdtscp, rdpid, fsrm, gfni, avx512_bitalg, f16c, pku, avx512_ifma
Processor Information for all 8 processors :
  Max Mhz: 1498, Current Mhz: 1098, Mhz Limit: 1093

Memory: 4k page, system-wide physical 7778M (1070M free)
TotalPageFile size 14178M (AvailPageFile size 5206M)
current process WorkingSet (physical memory assigned to process): 163M, peak: 171M
current process commit charge ("private bytes"): 201M, peak: 238M

vm_info: OpenJDK 64-Bit Server VM (21.0.2+13-LTS) for windows-amd64 JRE (21.0.2+13-LTS), built on 2024-01-16T00:00:00Z by "admin" with unknown MS VC++:1937

END.
